# JRE version: Java(TM) SE Runtime Environment (8.0_121-b13) (build 1.8.0_121-b13)
# Java VM: Java HotSpot(TM) 64-Bit Server VM (25.121-b13 mixed mode windows-amd64 compressed oops)
Heap:
 PSYoungGen      total 342016K, used 245648K [0x0000000780b00000, 0x000000079d980000, 0x00000007c0000000)
  eden space 230912K, 87% used [0x0000000780b00000,0x000000078cfb0be8,0x000000078ec80000)
  from space 111104K, 39% used [0x0000000796d00000,0x0000000799833680,0x000000079d980000)
  to   space 121344K, 0% used [0x000000078ec80000,0x000000078ec80000,0x0000000796300000)
 ParOldGen       total 547840K, used 335868K [0x0000000702000000, 0x0000000723700000, 0x0000000780b00000)
  object space 547840K, 61% used [0x0000000702000000,0x00000007167ff028,0x0000000723700000)
 Metaspace       used 5633K, capacity 5824K, committed 6144K, reserved 1056768K
  class space    used 612K, capacity 676K, committed 768K, reserved 1048576K
GC Heap History (10 events):
Event: 1.788 GC heap before
{Heap before GC invocations=7 (full 3):
 PSYoungGen      total 155648K, used 7660K [0x0000000780b00000, 0x000000078b400000, 0x00000007c0000000)
  eden space 147968K, 0% used [0x0000000780b00000,0x0000000780b00000,0x0000000789b80000)
  from space 7680K, 99% used [0x000000078ac80000,0x000000078b3fb030,0x000000078b400000)
  to   space 7680K, 0% used [0x000000078a500000,0x000000078a500000,0x000000078ac80000)
 ParOldGen       total 393728K, used 280220K [0x0000000702000000, 0x000000071a080000, 0x0000000780b00000)
  object space 393728K, 71% used [0x0000000702000000,0x00000007131a71b0,0x000000071a080000)
 Metaspace       used 5068K, capacity 5236K, committed 5376K, reserved 1056768K
  class space    used 582K, capacity 674K, committed 768K, reserved 1048576K
Event: 1.845 GC heap after
Heap after GC invocations=7 (full 3):
 PSYoungGen      total 155648K, used 0K [0x0000000780b00000, 0x000000078b400000, 0x00000007c0000000)
  eden space 147968K, 0% used [0x0000000780b00000,0x0000000780b00000,0x0000000789b80000)
  from space 7680K, 0% used [0x000000078ac80000,0x000000078ac80000,0x000000078b400000)
  to   space 7680K, 0% used [0x000000078a500000,0x000000078a500000,0x000000078ac80000)
 ParOldGen       total 547840K, used 285816K [0x0000000702000000, 0x0000000723700000, 0x0000000780b00000)
  object space 547840K, 52% used [0x0000000702000000,0x000000071371e018,0x0000000723700000)
 Metaspace       used 5068K, capacity 5236K, committed 5376K, reserved 1056768K
  class space    used 582K, capacity 674K, committed 768K, reserved 1048576K
}
Event: 4.187 GC heap before
{Heap before GC invocations=8 (full 3):
 PSYoungGen      total 155648K, used 147968K [0x0000000780b00000, 0x000000078b400000, 0x00000007c0000000)
  eden space 147968K, 100% used [0x0000000780b00000,0x0000000789b80000,0x0000000789b80000)
  from space 7680K, 0% used [0x000000078ac80000,0x000000078ac80000,0x000000078b400000)
  to   space 7680K, 0% used [0x000000078a500000,0x000000078a500000,0x000000078ac80000)
 ParOldGen       total 547840K, used 285816K [0x0000000702000000, 0x0000000723700000, 0x0000000780b00000)
  object space 547840K, 52% used [0x0000000702000000,0x000000071371e018,0x0000000723700000)
 Metaspace       used 5102K, capacity 5300K, committed 5632K, reserved 1056768K
  class space    used 582K, capacity 674K, committed 768K, reserved 1048576K
Event: 4.202 GC heap after
Heap after GC invocations=8 (full 3):
 PSYoungGen      total 165376K, used 7660K [0x0000000780b00000, 0x000000079b600000, 0x00000007c0000000)
  eden space 157696K, 0% used [0x0000000780b00000,0x0000000780b00000,0x000000078a500000)
  from space 7680K, 99% used [0x000000078a500000,0x000000078ac7b2f8,0x000000078ac80000)
  to   space 119296K, 0% used [0x0000000794180000,0x0000000794180000,0x000000079b600000)
 ParOldGen       total 547840K, used 335860K [0x0000000702000000, 0x0000000723700000, 0x0000000780b00000)
  object space 547840K, 61% used [0x0000000702000000,0x00000007167fd028,0x0000000723700000)
 Metaspace       used 5102K, capacity 5300K, committed 5632K, reserved 1056768K
  class space    used 582K, capacity 674K, committed 768K, reserved 1048576K
}
Event: 7.303 GC heap before
{Heap before GC invocations=9 (full 3):
 PSYoungGen      total 165376K, used 165356K [0x0000000780b00000, 0x000000079b600000, 0x00000007c0000000)
  eden space 157696K, 100% used [0x0000000780b00000,0x000000078a500000,0x000000078a500000)
  from space 7680K, 99% used [0x000000078a500000,0x000000078ac7b2f8,0x000000078ac80000)
  to   space 119296K, 0% used [0x0000000794180000,0x0000000794180000,0x000000079b600000)
 ParOldGen       total 547840K, used 335860K [0x0000000702000000, 0x0000000723700000, 0x0000000780b00000)
  object space 547840K, 61% used [0x0000000702000000,0x00000007167fd028,0x0000000723700000)
 Metaspace       used 5126K, capacity 5312K, committed 5632K, reserved 1056768K
  class space    used 585K, capacity 676K, committed 768K, reserved 1048576K
Event: 7.308 GC heap after
Heap after GC invocations=9 (full 3):
 PSYoungGen      total 309760K, used 7737K [0x0000000780b00000, 0x000000079c980000, 0x00000007c0000000)
  eden space 190464K, 0% used [0x0000000780b00000,0x0000000780b00000,0x000000078c500000)
  from space 119296K, 6% used [0x0000000794180000,0x000000079490e770,0x000000079b600000)
  to   space 127488K, 0% used [0x000000078c500000,0x000000078c500000,0x0000000794180000)
 ParOldGen       total 547840K, used 335860K [0x0000000702000000, 0x0000000723700000, 0x0000000780b00000)
  object space 547840K, 61% used [0x0000000702000000,0x00000007167fd028,0x0000000723700000)
 Metaspace       used 5126K, capacity 5312K, committed 5632K, reserved 1056768K
  class space    used 585K, capacity 676K, committed 768K, reserved 1048576K
}
Event: 9.918 GC heap before
{Heap before GC invocations=10 (full 3):
 PSYoungGen      total 309760K, used 198201K [0x0000000780b00000, 0x000000079c980000, 0x00000007c0000000)
  eden space 190464K, 100% used [0x0000000780b00000,0x000000078c500000,0x000000078c500000)
  from space 119296K, 6% used [0x0000000794180000,0x000000079490e770,0x000000079b600000)
  to   space 127488K, 0% used [0x000000078c500000,0x000000078c500000,0x0000000794180000)
 ParOldGen       total 547840K, used 335860K [0x0000000702000000, 0x0000000723700000, 0x0000000780b00000)
  object space 547840K, 61% used [0x0000000702000000,0x00000007167fd028,0x0000000723700000)
 Metaspace       used 5131K, capacity 5376K, committed 5632K, reserved 1056768K
  class space    used 585K, capacity 676K, committed 768K, reserved 1048576K
Event: 9.926 GC heap after
Heap after GC invocations=10 (full 3):
 PSYoungGen      total 317952K, used 18245K [0x0000000780b00000, 0x000000079e980000, 0x00000007c0000000)
  eden space 190464K, 0% used [0x0000000780b00000,0x0000000780b00000,0x000000078c500000)
  from space 127488K, 14% used [0x000000078c500000,0x000000078d6d1760,0x0000000794180000)
  to   space 127488K, 0% used [0x0000000796d00000,0x0000000796d00000,0x000000079e980000)
 ParOldGen       total 547840K, used 335860K [0x0000000702000000, 0x0000000723700000, 0x0000000780b00000)
  object space 547840K, 61% used [0x0000000702000000,0x00000007167fd028,0x0000000723700000)
 Metaspace       used 5131K, capacity 5376K, committed 5632K, reserved 1056768K
  class space    used 585K, capacity 676K, committed 768K, reserved 1048576K
}
Event: 11.191 GC heap before
{Heap before GC invocations=11 (full 3):
 PSYoungGen      total 317952K, used 208071K [0x0000000780b00000, 0x000000079e980000, 0x00000007c0000000)
  eden space 190464K, 99% used [0x0000000780b00000,0x000000078c460738,0x000000078c500000)
  from space 127488K, 14% used [0x000000078c500000,0x000000078d6d1760,0x0000000794180000)
  to   space 127488K, 0% used [0x0000000796d00000,0x0000000796d00000,0x000000079e980000)
 ParOldGen       total 547840K, used 335860K [0x0000000702000000, 0x0000000723700000, 0x0000000780b00000)
  object space 547840K, 61% used [0x0000000702000000,0x00000007167fd028,0x0000000723700000)
 Metaspace       used 5594K, capacity 5760K, committed 5888K, reserved 1056768K
  class space    used 611K, capacity 676K, committed 768K, reserved 1048576K
Event: 11.204 GC heap after
Heap after GC invocations=11 (full 3):
 PSYoungGen      total 342016K, used 44237K [0x0000000780b00000, 0x000000079d980000, 0x00000007c0000000)
  eden space 230912K, 0% used [0x0000000780b00000,0x0000000780b00000,0x000000078ec80000)
  from space 111104K, 39% used [0x0000000796d00000,0x0000000799833680,0x000000079d980000)
  to   space 121344K, 0% used [0x000000078ec80000,0x000000078ec80000,0x0000000796300000)
 ParOldGen       total 547840K, used 335868K [0x0000000702000000, 0x0000000723700000, 0x0000000780b00000)
  object space 547840K, 61% used [0x0000000702000000,0x00000007167ff028,0x0000000723700000)
 Metaspace       used 5594K, capacity 5760K, committed 5888K, reserved 1056768K
  class space    used 611K, capacity 676K, committed 768K, reserved 1048576K
}

