# JRE version: Java(TM) SE Runtime Environment (8.0_121-b13) (build 1.8.0_121-b13)
# Java VM: Java HotSpot(TM) 64-Bit Server VM (25.121-b13 mixed mode windows-amd64 compressed oops)
Heap:
 PSYoungGen      total 691712K, used 560216K [0x0000000780b00000, 0x00000007c0000000, 0x00000007c0000000)
  eden space 346112K, 62% used [0x0000000780b00000,0x000000078dc99ae8,0x0000000795d00000)
  from space 345600K, 99% used [0x00000007aae80000,0x00000007bfffc5f0,0x00000007c0000000)
  to   space 345600K, 0% used [0x0000000795d00000,0x0000000795d00000,0x00000007aae80000)
 ParOldGen       total 1472000K, used 1010669K [0x0000000702000000, 0x000000075bd80000, 0x0000000780b00000)
  object space 1472000K, 68% used [0x0000000702000000,0x000000073fafb418,0x000000075bd80000)
 Metaspace       used 5502K, capacity 5698K, committed 5888K, reserved 1056768K
  class space    used 608K, capacity 703K, committed 768K, reserved 1048576K
GC Heap History (10 events):
Event: 9.924 GC heap before
{Heap before GC invocations=17 (full 6):
 PSYoungGen      total 691712K, used 345594K [0x0000000780b00000, 0x00000007c0000000, 0x00000007c0000000)
  eden space 346112K, 0% used [0x0000000780b00000,0x0000000780b00000,0x0000000795d00000)
  from space 345600K, 99% used [0x0000000795d00000,0x00000007aae7e930,0x00000007aae80000)
  to   space 345600K, 0% used [0x00000007aae80000,0x00000007aae80000,0x00000007c0000000)
 ParOldGen       total 647680K, used 499077K [0x0000000702000000, 0x0000000729880000, 0x0000000780b00000)
  object space 647680K, 77% used [0x0000000702000000,0x0000000720761740,0x0000000729880000)
 Metaspace       used 4909K, capacity 5024K, committed 5248K, reserved 1056768K
  class space    used 564K, capacity 605K, committed 640K, reserved 1048576K
Event: 10.014 GC heap after
Heap after GC invocations=17 (full 6):
 PSYoungGen      total 691712K, used 0K [0x0000000780b00000, 0x00000007c0000000, 0x00000007c0000000)
  eden space 346112K, 0% used [0x0000000780b00000,0x0000000780b00000,0x0000000795d00000)
  from space 345600K, 0% used [0x0000000795d00000,0x0000000795d00000,0x00000007aae80000)
  to   space 345600K, 0% used [0x00000007aae80000,0x00000007aae80000,0x00000007c0000000)
 ParOldGen       total 836608K, used 312997K [0x0000000702000000, 0x0000000735100000, 0x0000000780b00000)
  object space 836608K, 37% used [0x0000000702000000,0x00000007151a9630,0x0000000735100000)
 Metaspace       used 4909K, capacity 5024K, committed 5248K, reserved 1056768K
  class space    used 564K, capacity 605K, committed 640K, reserved 1048576K
}
Event: 11.328 GC heap before
{Heap before GC invocations=18 (full 6):
 PSYoungGen      total 691712K, used 346112K [0x0000000780b00000, 0x00000007c0000000, 0x00000007c0000000)
  eden space 346112K, 100% used [0x0000000780b00000,0x0000000795d00000,0x0000000795d00000)
  from space 345600K, 0% used [0x0000000795d00000,0x0000000795d00000,0x00000007aae80000)
  to   space 345600K, 0% used [0x00000007aae80000,0x00000007aae80000,0x00000007c0000000)
 ParOldGen       total 836608K, used 312997K [0x0000000702000000, 0x0000000735100000, 0x0000000780b00000)
  object space 836608K, 37% used [0x0000000702000000,0x00000007151a9630,0x0000000735100000)
 Metaspace       used 4910K, capacity 5024K, committed 5248K, reserved 1056768K
  class space    used 564K, capacity 605K, committed 640K, reserved 1048576K
Event: 11.410 GC heap after
Heap after GC invocations=18 (full 6):
 PSYoungGen      total 691712K, used 345582K [0x0000000780b00000, 0x00000007c0000000, 0x00000007c0000000)
  eden space 346112K, 0% used [0x0000000780b00000,0x0000000780b00000,0x0000000795d00000)
  from space 345600K, 99% used [0x00000007aae80000,0x00000007bfffb930,0x00000007c0000000)
  to   space 345600K, 0% used [0x0000000795d00000,0x0000000795d00000,0x00000007aae80000)
 ParOldGen       total 836608K, used 319813K [0x0000000702000000, 0x0000000735100000, 0x0000000780b00000)
  object space 836608K, 38% used [0x0000000702000000,0x0000000715851660,0x0000000735100000)
 Metaspace       used 4910K, capacity 5024K, committed 5248K, reserved 1056768K
  class space    used 564K, capacity 605K, committed 640K, reserved 1048576K
}
Event: 12.720 GC heap before
{Heap before GC invocations=19 (full 6):
 PSYoungGen      total 691712K, used 691694K [0x0000000780b00000, 0x00000007c0000000, 0x00000007c0000000)
  eden space 346112K, 100% used [0x0000000780b00000,0x0000000795d00000,0x0000000795d00000)
  from space 345600K, 99% used [0x00000007aae80000,0x00000007bfffb930,0x00000007c0000000)
  to   space 345600K, 0% used [0x0000000795d00000,0x0000000795d00000,0x00000007aae80000)
 ParOldGen       total 836608K, used 319813K [0x0000000702000000, 0x0000000735100000, 0x0000000780b00000)
  object space 836608K, 38% used [0x0000000702000000,0x0000000715851660,0x0000000735100000)
 Metaspace       used 4910K, capacity 5024K, committed 5248K, reserved 1056768K
  class space    used 564K, capacity 605K, committed 640K, reserved 1048576K
Event: 12.865 GC heap after
Heap after GC invocations=19 (full 6):
 PSYoungGen      total 691712K, used 345584K [0x0000000780b00000, 0x00000007c0000000, 0x00000007c0000000)
  eden space 346112K, 0% used [0x0000000780b00000,0x0000000780b00000,0x0000000795d00000)
  from space 345600K, 99% used [0x0000000795d00000,0x00000007aae7c030,0x00000007aae80000)
  to   space 345600K, 0% used [0x00000007aae80000,0x00000007aae80000,0x00000007c0000000)
 ParOldGen       total 836608K, used 671415K [0x0000000702000000, 0x0000000735100000, 0x0000000780b00000)
  object space 836608K, 80% used [0x0000000702000000,0x000000072afadf60,0x0000000735100000)
 Metaspace       used 4910K, capacity 5024K, committed 5248K, reserved 1056768K
  class space    used 564K, capacity 605K, committed 640K, reserved 1048576K
}
Event: 12.865 GC heap before
{Heap before GC invocations=20 (full 7):
 PSYoungGen      total 691712K, used 345584K [0x0000000780b00000, 0x00000007c0000000, 0x00000007c0000000)
  eden space 346112K, 0% used [0x0000000780b00000,0x0000000780b00000,0x0000000795d00000)
  from space 345600K, 99% used [0x0000000795d00000,0x00000007aae7c030,0x00000007aae80000)
  to   space 345600K, 0% used [0x00000007aae80000,0x00000007aae80000,0x00000007c0000000)
 ParOldGen       total 836608K, used 671415K [0x0000000702000000, 0x0000000735100000, 0x0000000780b00000)
  object space 836608K, 80% used [0x0000000702000000,0x000000072afadf60,0x0000000735100000)
 Metaspace       used 4910K, capacity 5024K, committed 5248K, reserved 1056768K
  class space    used 564K, capacity 605K, committed 640K, reserved 1048576K
Event: 13.076 GC heap after
Heap after GC invocations=20 (full 7):
 PSYoungGen      total 691712K, used 164636K [0x0000000780b00000, 0x00000007c0000000, 0x00000007c0000000)
  eden space 346112K, 0% used [0x0000000780b00000,0x0000000780b00000,0x0000000795d00000)
  from space 345600K, 47% used [0x0000000795d00000,0x000000079fdc7190,0x00000007aae80000)
  to   space 345600K, 0% used [0x00000007aae80000,0x00000007aae80000,0x00000007c0000000)
 ParOldGen       total 1472000K, used 836261K [0x0000000702000000, 0x000000075bd80000, 0x0000000780b00000)
  object space 1472000K, 56% used [0x0000000702000000,0x00000007350a9418,0x000000075bd80000)
 Metaspace       used 4910K, capacity 5024K, committed 5248K, reserved 1056768K
  class space    used 564K, capacity 605K, committed 640K, reserved 1048576K
}
Event: 14.416 GC heap before
{Heap before GC invocations=21 (full 7):
 PSYoungGen      total 691712K, used 510748K [0x0000000780b00000, 0x00000007c0000000, 0x00000007c0000000)
  eden space 346112K, 100% used [0x0000000780b00000,0x0000000795d00000,0x0000000795d00000)
  from space 345600K, 47% used [0x0000000795d00000,0x000000079fdc7190,0x00000007aae80000)
  to   space 345600K, 0% used [0x00000007aae80000,0x00000007aae80000,0x00000007c0000000)
 ParOldGen       total 1472000K, used 836261K [0x0000000702000000, 0x000000075bd80000, 0x0000000780b00000)
  object space 1472000K, 56% used [0x0000000702000000,0x00000007350a9418,0x000000075bd80000)
 Metaspace       used 4912K, capacity 5024K, committed 5248K, reserved 1056768K
  class space    used 564K, capacity 605K, committed 640K, reserved 1048576K
Event: 14.544 GC heap after
Heap after GC invocations=21 (full 7):
 PSYoungGen      total 691712K, used 345585K [0x0000000780b00000, 0x00000007c0000000, 0x00000007c0000000)
  eden space 346112K, 0% used [0x0000000780b00000,0x0000000780b00000,0x0000000795d00000)
  from space 345600K, 99% used [0x00000007aae80000,0x00000007bfffc5f0,0x00000007c0000000)
  to   space 345600K, 0% used [0x0000000795d00000,0x0000000795d00000,0x00000007aae80000)
 ParOldGen       total 1472000K, used 1010669K [0x0000000702000000, 0x000000075bd80000, 0x0000000780b00000)
  object space 1472000K, 68% used [0x0000000702000000,0x000000073fafb418,0x000000075bd80000)
 Metaspace       used 4912K, capacity 5024K, committed 5248K, reserved 1056768K
  class space    used 564K, capacity 605K, committed 640K, reserved 1048576K
}

