# JRE version: Java(TM) SE Runtime Environment (8.0_121-b13) (build 1.8.0_121-b13)
# Java VM: Java HotSpot(TM) 64-Bit Server VM (25.121-b13 mixed mode windows-amd64 compressed oops)
Heap:
 PSYoungGen      total 691712K, used 418046K [0x0000000780b00000, 0x00000007c0000000, 0x00000007c0000000)
  eden space 346112K, 59% used [0x0000000780b00000,0x000000078d5b3b28,0x0000000795d00000)
  from space 345600K, 60% used [0x0000000795d00000,0x00000007a2a8c060,0x00000007aae80000)
  to   space 345600K, 0% used [0x00000007aae80000,0x00000007aae80000,0x00000007c0000000)
 ParOldGen       total 1216000K, used 351729K [0x0000000702000000, 0x000000074c380000, 0x0000000780b00000)
  object space 1216000K, 28% used [0x0000000702000000,0x000000071777c6f0,0x000000074c380000)
 Metaspace       used 5547K, capacity 5762K, committed 5888K, reserved 1056768K
  class space    used 610K, capacity 703K, committed 768K, reserved 1048576K
GC Heap History (10 events):
Event: 23.095 GC heap before
{Heap before GC invocations=25 (full 9):
 PSYoungGen      total 691712K, used 339483K [0x0000000780b00000, 0x00000007c0000000, 0x00000007c0000000)
  eden space 346112K, 0% used [0x0000000780b00000,0x0000000780b00000,0x0000000795d00000)
  from space 345600K, 98% used [0x00000007aae80000,0x00000007bfa06f70,0x00000007c0000000)
  to   space 345600K, 0% used [0x0000000795d00000,0x0000000795d00000,0x00000007aae80000)
 ParOldGen       total 1187328K, used 887727K [0x0000000702000000, 0x000000074a780000, 0x0000000780b00000)
  object space 1187328K, 74% used [0x0000000702000000,0x00000007382ebe28,0x000000074a780000)
 Metaspace       used 4965K, capacity 5090K, committed 5248K, reserved 1056768K
  class space    used 566K, capacity 607K, committed 640K, reserved 1048576K
Event: 23.251 GC heap after
Heap after GC invocations=25 (full 9):
 PSYoungGen      total 691712K, used 0K [0x0000000780b00000, 0x00000007c0000000, 0x00000007c0000000)
  eden space 346112K, 0% used [0x0000000780b00000,0x0000000780b00000,0x0000000795d00000)
  from space 345600K, 0% used [0x00000007aae80000,0x00000007aae80000,0x00000007c0000000)
  to   space 345600K, 0% used [0x0000000795d00000,0x0000000795d00000,0x00000007aae80000)
 ParOldGen       total 938496K, used 179250K [0x0000000702000000, 0x000000073b480000, 0x0000000780b00000)
  object space 938496K, 19% used [0x0000000702000000,0x000000070cf0c928,0x000000073b480000)
 Metaspace       used 4965K, capacity 5090K, committed 5248K, reserved 1056768K
  class space    used 566K, capacity 607K, committed 640K, reserved 1048576K
}
Event: 25.229 GC heap before
{Heap before GC invocations=26 (full 9):
 PSYoungGen      total 691712K, used 346112K [0x0000000780b00000, 0x00000007c0000000, 0x00000007c0000000)
  eden space 346112K, 100% used [0x0000000780b00000,0x0000000795d00000,0x0000000795d00000)
  from space 345600K, 0% used [0x00000007aae80000,0x00000007aae80000,0x00000007c0000000)
  to   space 345600K, 0% used [0x0000000795d00000,0x0000000795d00000,0x00000007aae80000)
 ParOldGen       total 938496K, used 179250K [0x0000000702000000, 0x000000073b480000, 0x0000000780b00000)
  object space 938496K, 19% used [0x0000000702000000,0x000000070cf0c928,0x000000073b480000)
 Metaspace       used 4965K, capacity 5090K, committed 5248K, reserved 1056768K
  class space    used 566K, capacity 607K, committed 640K, reserved 1048576K
Event: 25.292 GC heap after
Heap after GC invocations=26 (full 9):
 PSYoungGen      total 691712K, used 345600K [0x0000000780b00000, 0x00000007c0000000, 0x00000007c0000000)
  eden space 346112K, 0% used [0x0000000780b00000,0x0000000780b00000,0x0000000795d00000)
  from space 345600K, 100% used [0x0000000795d00000,0x00000007aae80000,0x00000007aae80000)
  to   space 345600K, 0% used [0x00000007aae80000,0x00000007aae80000,0x00000007c0000000)
 ParOldGen       total 938496K, used 185762K [0x0000000702000000, 0x000000073b480000, 0x0000000780b00000)
  object space 938496K, 19% used [0x0000000702000000,0x000000070d568958,0x000000073b480000)
 Metaspace       used 4965K, capacity 5090K, committed 5248K, reserved 1056768K
  class space    used 566K, capacity 607K, committed 640K, reserved 1048576K
}
Event: 27.702 GC heap before
{Heap before GC invocations=27 (full 9):
 PSYoungGen      total 691712K, used 691712K [0x0000000780b00000, 0x00000007c0000000, 0x00000007c0000000)
  eden space 346112K, 100% used [0x0000000780b00000,0x0000000795d00000,0x0000000795d00000)
  from space 345600K, 100% used [0x0000000795d00000,0x00000007aae80000,0x00000007aae80000)
  to   space 345600K, 0% used [0x00000007aae80000,0x00000007aae80000,0x00000007c0000000)
 ParOldGen       total 938496K, used 185762K [0x0000000702000000, 0x000000073b480000, 0x0000000780b00000)
  object space 938496K, 19% used [0x0000000702000000,0x000000070d568958,0x000000073b480000)
 Metaspace       used 4965K, capacity 5090K, committed 5248K, reserved 1056768K
  class space    used 566K, capacity 607K, committed 640K, reserved 1048576K
Event: 27.819 GC heap after
Heap after GC invocations=27 (full 9):
 PSYoungGen      total 691712K, used 345594K [0x0000000780b00000, 0x00000007c0000000, 0x00000007c0000000)
  eden space 346112K, 0% used [0x0000000780b00000,0x0000000780b00000,0x0000000795d00000)
  from space 345600K, 99% used [0x00000007aae80000,0x00000007bfffe930,0x00000007c0000000)
  to   space 345600K, 0% used [0x0000000795d00000,0x0000000795d00000,0x00000007aae80000)
 ParOldGen       total 938496K, used 537802K [0x0000000702000000, 0x000000073b480000, 0x0000000780b00000)
  object space 938496K, 57% used [0x0000000702000000,0x0000000722d32958,0x000000073b480000)
 Metaspace       used 4965K, capacity 5090K, committed 5248K, reserved 1056768K
  class space    used 566K, capacity 607K, committed 640K, reserved 1048576K
}
Event: 27.819 GC heap before
{Heap before GC invocations=28 (full 10):
 PSYoungGen      total 691712K, used 345594K [0x0000000780b00000, 0x00000007c0000000, 0x00000007c0000000)
  eden space 346112K, 0% used [0x0000000780b00000,0x0000000780b00000,0x0000000795d00000)
  from space 345600K, 99% used [0x00000007aae80000,0x00000007bfffe930,0x00000007c0000000)
  to   space 345600K, 0% used [0x0000000795d00000,0x0000000795d00000,0x00000007aae80000)
 ParOldGen       total 938496K, used 537802K [0x0000000702000000, 0x000000073b480000, 0x0000000780b00000)
  object space 938496K, 57% used [0x0000000702000000,0x0000000722d32958,0x000000073b480000)
 Metaspace       used 4965K, capacity 5090K, committed 5248K, reserved 1056768K
  class space    used 566K, capacity 607K, committed 640K, reserved 1048576K
Event: 28.017 GC heap after
Heap after GC invocations=28 (full 10):
 PSYoungGen      total 691712K, used 0K [0x0000000780b00000, 0x00000007c0000000, 0x00000007c0000000)
  eden space 346112K, 0% used [0x0000000780b00000,0x0000000780b00000,0x0000000795d00000)
  from space 345600K, 0% used [0x00000007aae80000,0x00000007aae80000,0x00000007c0000000)
  to   space 345600K, 0% used [0x0000000795d00000,0x0000000795d00000,0x00000007aae80000)
 ParOldGen       total 1216000K, used 351729K [0x0000000702000000, 0x000000074c380000, 0x0000000780b00000)
  object space 1216000K, 28% used [0x0000000702000000,0x000000071777c6f0,0x000000074c380000)
 Metaspace       used 4965K, capacity 5090K, committed 5248K, reserved 1056768K
  class space    used 566K, capacity 607K, committed 640K, reserved 1048576K
}
Event: 33.056 GC heap before
{Heap before GC invocations=29 (full 10):
 PSYoungGen      total 691712K, used 346112K [0x0000000780b00000, 0x00000007c0000000, 0x00000007c0000000)
  eden space 346112K, 100% used [0x0000000780b00000,0x0000000795d00000,0x0000000795d00000)
  from space 345600K, 0% used [0x00000007aae80000,0x00000007aae80000,0x00000007c0000000)
  to   space 345600K, 0% used [0x0000000795d00000,0x0000000795d00000,0x00000007aae80000)
 ParOldGen       total 1216000K, used 351729K [0x0000000702000000, 0x000000074c380000, 0x0000000780b00000)
  object space 1216000K, 28% used [0x0000000702000000,0x000000071777c6f0,0x000000074c380000)
 Metaspace       used 4965K, capacity 5090K, committed 5248K, reserved 1056768K
  class space    used 566K, capacity 607K, committed 640K, reserved 1048576K
Event: 33.098 GC heap after
Heap after GC invocations=29 (full 10):
 PSYoungGen      total 691712K, used 210480K [0x0000000780b00000, 0x00000007c0000000, 0x00000007c0000000)
  eden space 346112K, 0% used [0x0000000780b00000,0x0000000780b00000,0x0000000795d00000)
  from space 345600K, 60% used [0x0000000795d00000,0x00000007a2a8c060,0x00000007aae80000)
  to   space 345600K, 0% used [0x00000007aae80000,0x00000007aae80000,0x00000007c0000000)
 ParOldGen       total 1216000K, used 351729K [0x0000000702000000, 0x000000074c380000, 0x0000000780b00000)
  object space 1216000K, 28% used [0x0000000702000000,0x000000071777c6f0,0x000000074c380000)
 Metaspace       used 4965K, capacity 5090K, committed 5248K, reserved 1056768K
  class space    used 566K, capacity 607K, committed 640K, reserved 1048576K
}

