# JRE version: Java(TM) SE Runtime Environment (8.0_131-b11) (build 1.8.0_131-b11)
# Java VM: Java HotSpot(TM) 64-Bit Server VM (25.131-b11 mixed mode windows-amd64 compressed oops)
Heap:
 PSYoungGen      total 463360K, used 15951K [0x00000000d5980000, 0x0000000100000000, 0x0000000100000000)
  eden space 231936K, 6% used [0x00000000d5980000,0x00000000d6913c40,0x00000000e3c00000)
  from space 231424K, 0% used [0x00000000f1e00000,0x00000000f1e00000,0x0000000100000000)
  to   space 231424K, 0% used [0x00000000e3c00000,0x00000000e3c00000,0x00000000f1e00000)
 ParOldGen       total 927744K, used 475296K [0x0000000080c00000, 0x00000000b9600000, 0x00000000d5980000)
  object space 927744K, 51% used [0x0000000080c00000,0x000000009dc28090,0x00000000b9600000)
 Metaspace       used 5676K, capacity 5902K, committed 6144K, reserved 1056768K
  class space    used 612K, capacity 705K, committed 768K, reserved 1048576K
GC Heap History (10 events):
Event: 148.217 GC heap before
{Heap before GC invocations=65 (full 10):
 PSYoungGen      total 466944K, used 196913K [0x00000000d5980000, 0x0000000100000000, 0x0000000100000000)
  eden space 269824K, 0% used [0x00000000d5980000,0x00000000d5980000,0x00000000e6100000)
  from space 197120K, 99% used [0x00000000e6100000,0x00000000f214c6c8,0x00000000f2180000)
  to   space 227840K, 0% used [0x00000000f2180000,0x00000000f2180000,0x0000000100000000)
 ParOldGen       total 582144K, used 491737K [0x0000000080c00000, 0x00000000a4480000, 0x00000000d5980000)
  object space 582144K, 84% used [0x0000000080c00000,0x000000009ec366c0,0x00000000a4480000)
 Metaspace       used 5643K, capacity 5838K, committed 6144K, reserved 1056768K
  class space    used 609K, capacity 705K, committed 768K, reserved 1048576K
Event: 148.294 GC heap after
Heap after GC invocations=65 (full 10):
 PSYoungGen      total 466944K, used 0K [0x00000000d5980000, 0x0000000100000000, 0x0000000100000000)
  eden space 269824K, 0% used [0x00000000d5980000,0x00000000d5980000,0x00000000e6100000)
  from space 197120K, 0% used [0x00000000e6100000,0x00000000e6100000,0x00000000f2180000)
  to   space 227840K, 0% used [0x00000000f2180000,0x00000000f2180000,0x0000000100000000)
 ParOldGen       total 828928K, used 415907K [0x0000000080c00000, 0x00000000b3580000, 0x00000000d5980000)
  object space 828928K, 50% used [0x0000000080c00000,0x000000009a228e98,0x00000000b3580000)
 Metaspace       used 5643K, capacity 5838K, committed 6144K, reserved 1056768K
  class space    used 609K, capacity 705K, committed 768K, reserved 1048576K
}
Event: 148.428 GC heap before
{Heap before GC invocations=66 (full 10):
 PSYoungGen      total 466944K, used 269325K [0x00000000d5980000, 0x0000000100000000, 0x0000000100000000)
  eden space 269824K, 99% used [0x00000000d5980000,0x00000000e6083730,0x00000000e6100000)
  from space 197120K, 0% used [0x00000000e6100000,0x00000000e6100000,0x00000000f2180000)
  to   space 227840K, 0% used [0x00000000f2180000,0x00000000f2180000,0x0000000100000000)
 ParOldGen       total 828928K, used 415907K [0x0000000080c00000, 0x00000000b3580000, 0x00000000d5980000)
  object space 828928K, 50% used [0x0000000080c00000,0x000000009a228e98,0x00000000b3580000)
 Metaspace       used 5643K, capacity 5838K, committed 6144K, reserved 1056768K
  class space    used 609K, capacity 705K, committed 768K, reserved 1048576K
Event: 148.456 GC heap after
Heap after GC invocations=66 (full 10):
 PSYoungGen      total 459776K, used 168384K [0x00000000d5980000, 0x0000000100000000, 0x0000000100000000)
  eden space 231936K, 0% used [0x00000000d5980000,0x00000000d5980000,0x00000000e3c00000)
  from space 227840K, 73% used [0x00000000f2180000,0x00000000fc5f0040,0x0000000100000000)
  to   space 231424K, 0% used [0x00000000e3c00000,0x00000000e3c00000,0x00000000f1e00000)
 ParOldGen       total 828928K, used 415907K [0x0000000080c00000, 0x00000000b3580000, 0x00000000d5980000)
  object space 828928K, 50% used [0x0000000080c00000,0x000000009a228e98,0x00000000b3580000)
 Metaspace       used 5643K, capacity 5838K, committed 6144K, reserved 1056768K
  class space    used 609K, capacity 705K, committed 768K, reserved 1048576K
}
Event: 148.551 GC heap before
{Heap before GC invocations=67 (full 10):
 PSYoungGen      total 459776K, used 395918K [0x00000000d5980000, 0x0000000100000000, 0x0000000100000000)
  eden space 231936K, 98% used [0x00000000d5980000,0x00000000e37b3900,0x00000000e3c00000)
  from space 227840K, 73% used [0x00000000f2180000,0x00000000fc5f0040,0x0000000100000000)
  to   space 231424K, 0% used [0x00000000e3c00000,0x00000000e3c00000,0x00000000f1e00000)
 ParOldGen       total 828928K, used 415907K [0x0000000080c00000, 0x00000000b3580000, 0x00000000d5980000)
  object space 828928K, 50% used [0x0000000080c00000,0x000000009a228e98,0x00000000b3580000)
 Metaspace       used 5647K, capacity 5838K, committed 6144K, reserved 1056768K
  class space    used 609K, capacity 705K, committed 768K, reserved 1048576K
Event: 148.599 GC heap after
Heap after GC invocations=67 (full 10):
 PSYoungGen      total 463360K, used 113179K [0x00000000d5980000, 0x0000000100000000, 0x0000000100000000)
  eden space 231936K, 0% used [0x00000000d5980000,0x00000000d5980000,0x00000000e3c00000)
  from space 231424K, 48% used [0x00000000e3c00000,0x00000000eaa86cf0,0x00000000f1e00000)
  to   space 231424K, 0% used [0x00000000f1e00000,0x00000000f1e00000,0x0000000100000000)
 ParOldGen       total 828928K, used 571923K [0x0000000080c00000, 0x00000000b3580000, 0x00000000d5980000)
  object space 828928K, 68% used [0x0000000080c00000,0x00000000a3a84ed8,0x00000000b3580000)
 Metaspace       used 5647K, capacity 5838K, committed 6144K, reserved 1056768K
  class space    used 609K, capacity 705K, committed 768K, reserved 1048576K
}
Event: 161.980 GC heap before
{Heap before GC invocations=68 (full 10):
 PSYoungGen      total 463360K, used 345115K [0x00000000d5980000, 0x0000000100000000, 0x0000000100000000)
  eden space 231936K, 100% used [0x00000000d5980000,0x00000000e3c00000,0x00000000e3c00000)
  from space 231424K, 48% used [0x00000000e3c00000,0x00000000eaa86cf0,0x00000000f1e00000)
  to   space 231424K, 0% used [0x00000000f1e00000,0x00000000f1e00000,0x0000000100000000)
 ParOldGen       total 828928K, used 571923K [0x0000000080c00000, 0x00000000b3580000, 0x00000000d5980000)
  object space 828928K, 68% used [0x0000000080c00000,0x00000000a3a84ed8,0x00000000b3580000)
 Metaspace       used 5672K, capacity 5902K, committed 6144K, reserved 1056768K
  class space    used 612K, capacity 705K, committed 768K, reserved 1048576K
Event: 162.312 GC heap after
Heap after GC invocations=68 (full 10):
 PSYoungGen      total 463360K, used 144082K [0x00000000d5980000, 0x0000000100000000, 0x0000000100000000)
  eden space 231936K, 0% used [0x00000000d5980000,0x00000000d5980000,0x00000000e3c00000)
  from space 231424K, 62% used [0x00000000f1e00000,0x00000000faab48e8,0x0000000100000000)
  to   space 231424K, 0% used [0x00000000e3c00000,0x00000000e3c00000,0x00000000f1e00000)
 ParOldGen       total 828928K, used 660430K [0x0000000080c00000, 0x00000000b3580000, 0x00000000d5980000)
  object space 828928K, 79% used [0x0000000080c00000,0x00000000a90f3b68,0x00000000b3580000)
 Metaspace       used 5672K, capacity 5902K, committed 6144K, reserved 1056768K
  class space    used 612K, capacity 705K, committed 768K, reserved 1048576K
}
Event: 162.312 GC heap before
{Heap before GC invocations=69 (full 11):
 PSYoungGen      total 463360K, used 144082K [0x00000000d5980000, 0x0000000100000000, 0x0000000100000000)
  eden space 231936K, 0% used [0x00000000d5980000,0x00000000d5980000,0x00000000e3c00000)
  from space 231424K, 62% used [0x00000000f1e00000,0x00000000faab48e8,0x0000000100000000)
  to   space 231424K, 0% used [0x00000000e3c00000,0x00000000e3c00000,0x00000000f1e00000)
 ParOldGen       total 828928K, used 660430K [0x0000000080c00000, 0x00000000b3580000, 0x00000000d5980000)
  object space 828928K, 79% used [0x0000000080c00000,0x00000000a90f3b68,0x00000000b3580000)
 Metaspace       used 5672K, capacity 5902K, committed 6144K, reserved 1056768K
  class space    used 612K, capacity 705K, committed 768K, reserved 1048576K
Event: 162.884 GC heap after
Heap after GC invocations=69 (full 11):
 PSYoungGen      total 463360K, used 0K [0x00000000d5980000, 0x0000000100000000, 0x0000000100000000)
  eden space 231936K, 0% used [0x00000000d5980000,0x00000000d5980000,0x00000000e3c00000)
  from space 231424K, 0% used [0x00000000f1e00000,0x00000000f1e00000,0x0000000100000000)
  to   space 231424K, 0% used [0x00000000e3c00000,0x00000000e3c00000,0x00000000f1e00000)
 ParOldGen       total 927744K, used 475296K [0x0000000080c00000, 0x00000000b9600000, 0x00000000d5980000)
  object space 927744K, 51% used [0x0000000080c00000,0x000000009dc28090,0x00000000b9600000)
 Metaspace       used 5672K, capacity 5902K, committed 6144K, reserved 1056768K
  class space    used 612K, capacity 705K, committed 768K, reserved 1048576K
}

