# JRE version: Java(TM) SE Runtime Environment (8.0_121-b13) (build 1.8.0_121-b13)
# Java VM: Java HotSpot(TM) 64-Bit Server VM (25.121-b13 mixed mode windows-amd64 compressed oops)
Heap:
 PSYoungGen      total 691712K, used 621906K [0x0000000780b00000, 0x00000007c0000000, 0x00000007c0000000)
  eden space 346112K, 79% used [0x0000000780b00000,0x00000007918d6270,0x0000000795d00000)
  from space 345600K, 99% used [0x00000007aae80000,0x00000007bfffe888,0x00000007c0000000)
  to   space 345600K, 0% used [0x0000000795d00000,0x0000000795d00000,0x00000007aae80000)
 ParOldGen       total 1356288K, used 960870K [0x0000000702000000, 0x0000000754c80000, 0x0000000780b00000)
  object space 1356288K, 70% used [0x0000000702000000,0x000000073ca59a30,0x0000000754c80000)
 Metaspace       used 5540K, capacity 5762K, committed 5888K, reserved 1056768K
  class space    used 609K, capacity 703K, committed 768K, reserved 1048576K
GC Heap History (10 events):
Event: 10.844 GC heap before
{Heap before GC invocations=19 (full 6):
 PSYoungGen      total 677888K, used 333978K [0x0000000780b00000, 0x00000007c0000000, 0x00000007c0000000)
  eden space 332288K, 0% used [0x0000000780b00000,0x0000000780b00000,0x0000000794f80000)
  from space 345600K, 96% used [0x0000000794f80000,0x00000007a95a6930,0x00000007aa100000)
  to   space 345600K, 0% used [0x00000007aae80000,0x00000007aae80000,0x00000007c0000000)
 ParOldGen       total 642048K, used 474178K [0x0000000702000000, 0x0000000729300000, 0x0000000780b00000)
  object space 642048K, 73% used [0x0000000702000000,0x000000071ef10a08,0x0000000729300000)
 Metaspace       used 4934K, capacity 5088K, committed 5248K, reserved 1056768K
  class space    used 564K, capacity 605K, committed 640K, reserved 1048576K
Event: 10.900 GC heap after
Heap after GC invocations=19 (full 6):
 PSYoungGen      total 677888K, used 0K [0x0000000780b00000, 0x00000007c0000000, 0x00000007c0000000)
  eden space 332288K, 0% used [0x0000000780b00000,0x0000000780b00000,0x0000000794f80000)
  from space 345600K, 0% used [0x0000000794f80000,0x0000000794f80000,0x00000007aa100000)
  to   space 345600K, 0% used [0x00000007aae80000,0x00000007aae80000,0x00000007c0000000)
 ParOldGen       total 769536K, used 277401K [0x0000000702000000, 0x0000000730f80000, 0x0000000780b00000)
  object space 769536K, 36% used [0x0000000702000000,0x0000000712ee65c8,0x0000000730f80000)
 Metaspace       used 4934K, capacity 5088K, committed 5248K, reserved 1056768K
  class space    used 564K, capacity 605K, committed 640K, reserved 1048576K
}
Event: 12.140 GC heap before
{Heap before GC invocations=20 (full 6):
 PSYoungGen      total 677888K, used 332288K [0x0000000780b00000, 0x00000007c0000000, 0x00000007c0000000)
  eden space 332288K, 100% used [0x0000000780b00000,0x0000000794f80000,0x0000000794f80000)
  from space 345600K, 0% used [0x0000000794f80000,0x0000000794f80000,0x00000007aa100000)
  to   space 345600K, 0% used [0x00000007aae80000,0x00000007aae80000,0x00000007c0000000)
 ParOldGen       total 769536K, used 277401K [0x0000000702000000, 0x0000000730f80000, 0x0000000780b00000)
  object space 769536K, 36% used [0x0000000702000000,0x0000000712ee65c8,0x0000000730f80000)
 Metaspace       used 4934K, capacity 5088K, committed 5248K, reserved 1056768K
  class space    used 564K, capacity 605K, committed 640K, reserved 1048576K
Event: 12.196 GC heap after
Heap after GC invocations=20 (full 6):
 PSYoungGen      total 691712K, used 338626K [0x0000000780b00000, 0x00000007c0000000, 0x00000007c0000000)
  eden space 346112K, 0% used [0x0000000780b00000,0x0000000780b00000,0x0000000795d00000)
  from space 345600K, 97% used [0x00000007aae80000,0x00000007bf930950,0x00000007c0000000)
  to   space 345600K, 0% used [0x0000000795d00000,0x0000000795d00000,0x00000007aae80000)
 ParOldGen       total 769536K, used 277401K [0x0000000702000000, 0x0000000730f80000, 0x0000000780b00000)
  object space 769536K, 36% used [0x0000000702000000,0x0000000712ee65c8,0x0000000730f80000)
 Metaspace       used 4934K, capacity 5088K, committed 5248K, reserved 1056768K
  class space    used 564K, capacity 605K, committed 640K, reserved 1048576K
}
Event: 13.474 GC heap before
{Heap before GC invocations=21 (full 6):
 PSYoungGen      total 691712K, used 684738K [0x0000000780b00000, 0x00000007c0000000, 0x00000007c0000000)
  eden space 346112K, 100% used [0x0000000780b00000,0x0000000795d00000,0x0000000795d00000)
  from space 345600K, 97% used [0x00000007aae80000,0x00000007bf930950,0x00000007c0000000)
  to   space 345600K, 0% used [0x0000000795d00000,0x0000000795d00000,0x00000007aae80000)
 ParOldGen       total 769536K, used 277401K [0x0000000702000000, 0x0000000730f80000, 0x0000000780b00000)
  object space 769536K, 36% used [0x0000000702000000,0x0000000712ee65c8,0x0000000730f80000)
 Metaspace       used 4934K, capacity 5088K, committed 5248K, reserved 1056768K
  class space    used 564K, capacity 605K, committed 640K, reserved 1048576K
Event: 13.567 GC heap after
Heap after GC invocations=21 (full 6):
 PSYoungGen      total 691712K, used 345584K [0x0000000780b00000, 0x00000007c0000000, 0x00000007c0000000)
  eden space 346112K, 0% used [0x0000000780b00000,0x0000000780b00000,0x0000000795d00000)
  from space 345600K, 99% used [0x0000000795d00000,0x00000007aae7c030,0x00000007aae80000)
  to   space 345600K, 0% used [0x00000007aae80000,0x00000007aae80000,0x00000007c0000000)
 ParOldGen       total 769536K, used 621915K [0x0000000702000000, 0x0000000730f80000, 0x0000000780b00000)
  object space 769536K, 80% used [0x0000000702000000,0x0000000727f56ef8,0x0000000730f80000)
 Metaspace       used 4934K, capacity 5088K, committed 5248K, reserved 1056768K
  class space    used 564K, capacity 605K, committed 640K, reserved 1048576K
}
Event: 13.567 GC heap before
{Heap before GC invocations=22 (full 7):
 PSYoungGen      total 691712K, used 345584K [0x0000000780b00000, 0x00000007c0000000, 0x00000007c0000000)
  eden space 346112K, 0% used [0x0000000780b00000,0x0000000780b00000,0x0000000795d00000)
  from space 345600K, 99% used [0x0000000795d00000,0x00000007aae7c030,0x00000007aae80000)
  to   space 345600K, 0% used [0x00000007aae80000,0x00000007aae80000,0x00000007c0000000)
 ParOldGen       total 769536K, used 621915K [0x0000000702000000, 0x0000000730f80000, 0x0000000780b00000)
  object space 769536K, 80% used [0x0000000702000000,0x0000000727f56ef8,0x0000000730f80000)
 Metaspace       used 4934K, capacity 5088K, committed 5248K, reserved 1056768K
  class space    used 564K, capacity 605K, committed 640K, reserved 1048576K
Event: 13.727 GC heap after
Heap after GC invocations=22 (full 7):
 PSYoungGen      total 691712K, used 181704K [0x0000000780b00000, 0x00000007c0000000, 0x00000007c0000000)
  eden space 346112K, 0% used [0x0000000780b00000,0x0000000780b00000,0x0000000795d00000)
  from space 345600K, 52% used [0x0000000795d00000,0x00000007a0e72190,0x00000007aae80000)
  to   space 345600K, 0% used [0x00000007aae80000,0x00000007aae80000,0x00000007c0000000)
 ParOldGen       total 1356288K, used 769166K [0x0000000702000000, 0x0000000754c80000, 0x0000000780b00000)
  object space 1356288K, 56% used [0x0000000702000000,0x0000000730f23a30,0x0000000754c80000)
 Metaspace       used 4934K, capacity 5088K, committed 5248K, reserved 1056768K
  class space    used 564K, capacity 605K, committed 640K, reserved 1048576K
}
Event: 15.149 GC heap before
{Heap before GC invocations=23 (full 7):
 PSYoungGen      total 691712K, used 527816K [0x0000000780b00000, 0x00000007c0000000, 0x00000007c0000000)
  eden space 346112K, 100% used [0x0000000780b00000,0x0000000795d00000,0x0000000795d00000)
  from space 345600K, 52% used [0x0000000795d00000,0x00000007a0e72190,0x00000007aae80000)
  to   space 345600K, 0% used [0x00000007aae80000,0x00000007aae80000,0x00000007c0000000)
 ParOldGen       total 1356288K, used 769166K [0x0000000702000000, 0x0000000754c80000, 0x0000000780b00000)
  object space 1356288K, 56% used [0x0000000702000000,0x0000000730f23a30,0x0000000754c80000)
 Metaspace       used 4936K, capacity 5088K, committed 5248K, reserved 1056768K
  class space    used 564K, capacity 605K, committed 640K, reserved 1048576K
Event: 15.254 GC heap after
Heap after GC invocations=23 (full 7):
 PSYoungGen      total 691712K, used 345594K [0x0000000780b00000, 0x00000007c0000000, 0x00000007c0000000)
  eden space 346112K, 0% used [0x0000000780b00000,0x0000000780b00000,0x0000000795d00000)
  from space 345600K, 99% used [0x00000007aae80000,0x00000007bfffe888,0x00000007c0000000)
  to   space 345600K, 0% used [0x0000000795d00000,0x0000000795d00000,0x00000007aae80000)
 ParOldGen       total 1356288K, used 960870K [0x0000000702000000, 0x0000000754c80000, 0x0000000780b00000)
  object space 1356288K, 70% used [0x0000000702000000,0x000000073ca59a30,0x0000000754c80000)
 Metaspace       used 4936K, capacity 5088K, committed 5248K, reserved 1056768K
  class space    used 564K, capacity 605K, committed 640K, reserved 1048576K
}

