# JRE version: Java(TM) SE Runtime Environment (8.0_121-b13) (build 1.8.0_121-b13)
# Java VM: Java HotSpot(TM) 64-Bit Server VM (25.121-b13 mixed mode windows-amd64 compressed oops)
Heap:
 PSYoungGen      total 691712K, used 249784K [0x0000000780b00000, 0x00000007c0000000, 0x00000007c0000000)
  eden space 346112K, 69% used [0x0000000780b00000,0x000000078f6b2a68,0x0000000795d00000)
  from space 345600K, 2% used [0x00000007aae80000,0x00000007ab6bb5e8,0x00000007c0000000)
  to   space 345600K, 0% used [0x0000000795d00000,0x0000000795d00000,0x00000007aae80000)
 ParOldGen       total 1135104K, used 552231K [0x0000000702000000, 0x0000000747480000, 0x0000000780b00000)
  object space 1135104K, 48% used [0x0000000702000000,0x0000000723b49c30,0x0000000747480000)
 Metaspace       used 5577K, capacity 5762K, committed 5888K, reserved 1056768K
  class space    used 610K, capacity 703K, committed 768K, reserved 1048576K
GC Heap History (10 events):
Event: 24.527 GC heap before
{Heap before GC invocations=23 (full 6):
 PSYoungGen      total 691712K, used 687575K [0x0000000780b00000, 0x00000007c0000000, 0x00000007c0000000)
  eden space 346112K, 100% used [0x0000000780b00000,0x0000000795d00000,0x0000000795d00000)
  from space 345600K, 98% used [0x00000007aae80000,0x00000007bfbf5f90,0x00000007c0000000)
  to   space 345600K, 0% used [0x0000000795d00000,0x0000000795d00000,0x00000007aae80000)
 ParOldGen       total 1397760K, used 770904K [0x0000000702000000, 0x0000000757500000, 0x0000000780b00000)
  object space 1397760K, 55% used [0x0000000702000000,0x00000007310d6398,0x0000000757500000)
 Metaspace       used 4937K, capacity 5090K, committed 5248K, reserved 1056768K
  class space    used 567K, capacity 607K, committed 640K, reserved 1048576K
Event: 24.655 GC heap after
Heap after GC invocations=23 (full 6):
 PSYoungGen      total 691712K, used 345584K [0x0000000780b00000, 0x00000007c0000000, 0x00000007c0000000)
  eden space 346112K, 0% used [0x0000000780b00000,0x0000000780b00000,0x0000000795d00000)
  from space 345600K, 99% used [0x0000000795d00000,0x00000007aae7c030,0x00000007aae80000)
  to   space 345600K, 0% used [0x00000007aae80000,0x00000007aae80000,0x00000007c0000000)
 ParOldGen       total 1397760K, used 1116528K [0x0000000702000000, 0x0000000757500000, 0x0000000780b00000)
  object space 1397760K, 79% used [0x0000000702000000,0x000000074625c308,0x0000000757500000)
 Metaspace       used 4937K, capacity 5090K, committed 5248K, reserved 1056768K
  class space    used 567K, capacity 607K, committed 640K, reserved 1048576K
}
Event: 24.656 GC heap before
{Heap before GC invocations=24 (full 7):
 PSYoungGen      total 691712K, used 345584K [0x0000000780b00000, 0x00000007c0000000, 0x00000007c0000000)
  eden space 346112K, 0% used [0x0000000780b00000,0x0000000780b00000,0x0000000795d00000)
  from space 345600K, 99% used [0x0000000795d00000,0x00000007aae7c030,0x00000007aae80000)
  to   space 345600K, 0% used [0x00000007aae80000,0x00000007aae80000,0x00000007c0000000)
 ParOldGen       total 1397760K, used 1116528K [0x0000000702000000, 0x0000000757500000, 0x0000000780b00000)
  object space 1397760K, 79% used [0x0000000702000000,0x000000074625c308,0x0000000757500000)
 Metaspace       used 4937K, capacity 5090K, committed 5248K, reserved 1056768K
  class space    used 567K, capacity 607K, committed 640K, reserved 1048576K
Event: 24.864 GC heap after
Heap after GC invocations=24 (full 7):
 PSYoungGen      total 691712K, used 0K [0x0000000780b00000, 0x00000007c0000000, 0x00000007c0000000)
  eden space 346112K, 0% used [0x0000000780b00000,0x0000000780b00000,0x0000000795d00000)
  from space 345600K, 0% used [0x0000000795d00000,0x0000000795d00000,0x00000007aae80000)
  to   space 345600K, 0% used [0x00000007aae80000,0x00000007aae80000,0x00000007c0000000)
 ParOldGen       total 1135104K, used 413391K [0x0000000702000000, 0x0000000747480000, 0x0000000780b00000)
  object space 1135104K, 36% used [0x0000000702000000,0x000000071b3b3c30,0x0000000747480000)
 Metaspace       used 4937K, capacity 5090K, committed 5248K, reserved 1056768K
  class space    used 567K, capacity 607K, committed 640K, reserved 1048576K
}
Event: 27.027 GC heap before
{Heap before GC invocations=25 (full 7):
 PSYoungGen      total 691712K, used 346112K [0x0000000780b00000, 0x00000007c0000000, 0x00000007c0000000)
  eden space 346112K, 100% used [0x0000000780b00000,0x0000000795d00000,0x0000000795d00000)
  from space 345600K, 0% used [0x0000000795d00000,0x0000000795d00000,0x00000007aae80000)
  to   space 345600K, 0% used [0x00000007aae80000,0x00000007aae80000,0x00000007c0000000)
 ParOldGen       total 1135104K, used 413391K [0x0000000702000000, 0x0000000747480000, 0x0000000780b00000)
  object space 1135104K, 36% used [0x0000000702000000,0x000000071b3b3c30,0x0000000747480000)
 Metaspace       used 4937K, capacity 5090K, committed 5248K, reserved 1056768K
  class space    used 567K, capacity 607K, committed 640K, reserved 1048576K
Event: 27.116 GC heap after
Heap after GC invocations=25 (full 7):
 PSYoungGen      total 691712K, used 345594K [0x0000000780b00000, 0x00000007c0000000, 0x00000007c0000000)
  eden space 346112K, 0% used [0x0000000780b00000,0x0000000780b00000,0x0000000795d00000)
  from space 345600K, 99% used [0x00000007aae80000,0x00000007bfffe930,0x00000007c0000000)
  to   space 345600K, 0% used [0x0000000795d00000,0x0000000795d00000,0x00000007aae80000)
 ParOldGen       total 1135104K, used 419887K [0x0000000702000000, 0x0000000747480000, 0x0000000780b00000)
  object space 1135104K, 36% used [0x0000000702000000,0x000000071ba0bc30,0x0000000747480000)
 Metaspace       used 4937K, capacity 5090K, committed 5248K, reserved 1056768K
  class space    used 567K, capacity 607K, committed 640K, reserved 1048576K
}
Event: 32.061 GC heap before
{Heap before GC invocations=26 (full 7):
 PSYoungGen      total 691712K, used 691706K [0x0000000780b00000, 0x00000007c0000000, 0x00000007c0000000)
  eden space 346112K, 100% used [0x0000000780b00000,0x0000000795d00000,0x0000000795d00000)
  from space 345600K, 99% used [0x00000007aae80000,0x00000007bfffe930,0x00000007c0000000)
  to   space 345600K, 0% used [0x0000000795d00000,0x0000000795d00000,0x00000007aae80000)
 ParOldGen       total 1135104K, used 419887K [0x0000000702000000, 0x0000000747480000, 0x0000000780b00000)
  object space 1135104K, 36% used [0x0000000702000000,0x000000071ba0bc30,0x0000000747480000)
 Metaspace       used 4937K, capacity 5090K, committed 5248K, reserved 1056768K
  class space    used 567K, capacity 607K, committed 640K, reserved 1048576K
Event: 32.087 GC heap after
Heap after GC invocations=26 (full 7):
 PSYoungGen      total 691712K, used 6432K [0x0000000780b00000, 0x00000007c0000000, 0x00000007c0000000)
  eden space 346112K, 0% used [0x0000000780b00000,0x0000000780b00000,0x0000000795d00000)
  from space 345600K, 1% used [0x0000000795d00000,0x0000000796348030,0x00000007aae80000)
  to   space 345600K, 0% used [0x00000007aae80000,0x00000007aae80000,0x00000007c0000000)
 ParOldGen       total 1135104K, used 552223K [0x0000000702000000, 0x0000000747480000, 0x0000000780b00000)
  object space 1135104K, 48% used [0x0000000702000000,0x0000000723b47c30,0x0000000747480000)
 Metaspace       used 4937K, capacity 5090K, committed 5248K, reserved 1056768K
  class space    used 567K, capacity 607K, committed 640K, reserved 1048576K
}
Event: 33.796 GC heap before
{Heap before GC invocations=27 (full 7):
 PSYoungGen      total 691712K, used 349454K [0x0000000780b00000, 0x00000007c0000000, 0x00000007c0000000)
  eden space 346112K, 99% used [0x0000000780b00000,0x00000007959fbaf0,0x0000000795d00000)
  from space 345600K, 1% used [0x0000000795d00000,0x0000000796348030,0x00000007aae80000)
  to   space 345600K, 0% used [0x00000007aae80000,0x00000007aae80000,0x00000007c0000000)
 ParOldGen       total 1135104K, used 552223K [0x0000000702000000, 0x0000000747480000, 0x0000000780b00000)
  object space 1135104K, 48% used [0x0000000702000000,0x0000000723b47c30,0x0000000747480000)
 Metaspace       used 5492K, capacity 5698K, committed 5888K, reserved 1056768K
  class space    used 605K, capacity 703K, committed 768K, reserved 1048576K
Event: 33.798 GC heap after
Heap after GC invocations=27 (full 7):
 PSYoungGen      total 691712K, used 8429K [0x0000000780b00000, 0x00000007c0000000, 0x00000007c0000000)
  eden space 346112K, 0% used [0x0000000780b00000,0x0000000780b00000,0x0000000795d00000)
  from space 345600K, 2% used [0x00000007aae80000,0x00000007ab6bb5e8,0x00000007c0000000)
  to   space 345600K, 0% used [0x0000000795d00000,0x0000000795d00000,0x00000007aae80000)
 ParOldGen       total 1135104K, used 552231K [0x0000000702000000, 0x0000000747480000, 0x0000000780b00000)
  object space 1135104K, 48% used [0x0000000702000000,0x0000000723b49c30,0x0000000747480000)
 Metaspace       used 5492K, capacity 5698K, committed 5888K, reserved 1056768K
  class space    used 605K, capacity 703K, committed 768K, reserved 1048576K
}

